[0.359s] Invoking command in '/home/hisa/colcon_ws_controller/src/hello': PYTHONPATH=/home/hisa/colcon_ws_controller/build/hello/prefix_override:/home/hisa/colcon_ws_controller/install/hello/lib/python3.10/site-packages:${PYTHONPATH} /usr/bin/python3 -W ignore:setup.py install is deprecated setup.py egg_info --egg-base ../../build/hello build --build-base /home/hisa/colcon_ws_controller/build/hello/build install --record /home/hisa/colcon_ws_controller/build/hello/install.log --single-version-externally-managed install_data
[0.504s] running egg_info
[0.504s] writing ../../build/hello/hello.egg-info/PKG-INFO
[0.504s] writing dependency_links to ../../build/hello/hello.egg-info/dependency_links.txt
[0.504s] writing entry points to ../../build/hello/hello.egg-info/entry_points.txt
[0.505s] writing requirements to ../../build/hello/hello.egg-info/requires.txt
[0.505s] writing top-level names to ../../build/hello/hello.egg-info/top_level.txt
[0.506s] reading manifest file '../../build/hello/hello.egg-info/SOURCES.txt'
[0.506s] writing manifest file '../../build/hello/hello.egg-info/SOURCES.txt'
[0.506s] running build
[0.506s] running build_py
[0.507s] running install
[0.507s] running install_lib
[0.508s] running install_data
[0.508s] running install_egg_info
[0.509s] removing '/home/hisa/colcon_ws_controller/install/hello/lib/python3.10/site-packages/hello-0.0.0-py3.10.egg-info' (and everything under it)
[0.509s] Copying ../../build/hello/hello.egg-info to /home/hisa/colcon_ws_controller/install/hello/lib/python3.10/site-packages/hello-0.0.0-py3.10.egg-info
[0.510s] running install_scripts
[0.524s] Installing listener script to /home/hisa/colcon_ws_controller/install/hello/lib/hello
[0.525s] Installing talker script to /home/hisa/colcon_ws_controller/install/hello/lib/hello
[0.525s] writing list of installed files to '/home/hisa/colcon_ws_controller/build/hello/install.log'
[0.565s] Invoked command in '/home/hisa/colcon_ws_controller/src/hello' returned '0': PYTHONPATH=/home/hisa/colcon_ws_controller/build/hello/prefix_override:/home/hisa/colcon_ws_controller/install/hello/lib/python3.10/site-packages:${PYTHONPATH} /usr/bin/python3 -W ignore:setup.py install is deprecated setup.py egg_info --egg-base ../../build/hello build --build-base /home/hisa/colcon_ws_controller/build/hello/build install --record /home/hisa/colcon_ws_controller/build/hello/install.log --single-version-externally-managed install_data
