[0.370s] Invoking command in '/home/hisa/colcon_ws_controller/src/hello': PYTHONPATH=/home/hisa/colcon_ws_controller/build/hello/prefix_override:/home/hisa/colcon_ws_controller/install/hello/lib/python3.10/site-packages:${PYTHONPATH} /usr/bin/python3 -W ignore:setup.py install is deprecated setup.py egg_info --egg-base ../../build/hello build --build-base /home/hisa/colcon_ws_controller/build/hello/build install --record /home/hisa/colcon_ws_controller/build/hello/install.log --single-version-externally-managed install_data
[0.503s] running egg_info
[0.503s] writing ../../build/hello/hello.egg-info/PKG-INFO
[0.503s] writing dependency_links to ../../build/hello/hello.egg-info/dependency_links.txt
[0.503s] writing entry points to ../../build/hello/hello.egg-info/entry_points.txt
[0.503s] writing requirements to ../../build/hello/hello.egg-info/requires.txt
[0.504s] writing top-level names to ../../build/hello/hello.egg-info/top_level.txt
[0.505s] reading manifest file '../../build/hello/hello.egg-info/SOURCES.txt'
[0.505s] writing manifest file '../../build/hello/hello.egg-info/SOURCES.txt'
[0.505s] running build
[0.505s] running build_py
[0.505s] copying hello/listener.py -> /home/hisa/colcon_ws_controller/build/hello/build/lib/hello
[0.505s] running install
[0.506s] running install_lib
[0.506s] copying /home/hisa/colcon_ws_controller/build/hello/build/lib/hello/listener.py -> /home/hisa/colcon_ws_controller/install/hello/lib/python3.10/site-packages/hello
[0.507s] byte-compiling /home/hisa/colcon_ws_controller/install/hello/lib/python3.10/site-packages/hello/listener.py to listener.cpython-310.pyc
[0.507s]   File "/home/hisa/colcon_ws_controller/install/hello/lib/python3.10/site-packages/hello/listener.py", line 3
[0.507s]     int main(int argc, char** argv) { rclcpp::init(argc, argv); auto node = rclcpp::Node::make_shared("serial_node");
[0.507s]         ^^^^
[0.507s] SyntaxError: invalid syntax
[0.507s] 
[0.507s] running install_data
[0.507s] running install_egg_info
[0.508s] removing '/home/hisa/colcon_ws_controller/install/hello/lib/python3.10/site-packages/hello-0.0.0-py3.10.egg-info' (and everything under it)
[0.508s] Copying ../../build/hello/hello.egg-info to /home/hisa/colcon_ws_controller/install/hello/lib/python3.10/site-packages/hello-0.0.0-py3.10.egg-info
[0.508s] running install_scripts
[0.522s] Installing listener script to /home/hisa/colcon_ws_controller/install/hello/lib/hello
[0.522s] Installing talker script to /home/hisa/colcon_ws_controller/install/hello/lib/hello
[0.523s] writing list of installed files to '/home/hisa/colcon_ws_controller/build/hello/install.log'
[0.544s] Invoked command in '/home/hisa/colcon_ws_controller/src/hello' returned '0': PYTHONPATH=/home/hisa/colcon_ws_controller/build/hello/prefix_override:/home/hisa/colcon_ws_controller/install/hello/lib/python3.10/site-packages:${PYTHONPATH} /usr/bin/python3 -W ignore:setup.py install is deprecated setup.py egg_info --egg-base ../../build/hello build --build-base /home/hisa/colcon_ws_controller/build/hello/build install --record /home/hisa/colcon_ws_controller/build/hello/install.log --single-version-externally-managed install_data
