[0.397s] Invoking command in '/home/hisa/colcon_ws_controller/src/hello': PYTHONPATH=/home/hisa/colcon_ws_controller/build/hello/prefix_override:/home/hisa/colcon_ws_controller/install/hello/lib/python3.10/site-packages:${PYTHONPATH} /usr/bin/python3 -W ignore:setup.py install is deprecated setup.py egg_info --egg-base ../../build/hello build --build-base /home/hisa/colcon_ws_controller/build/hello/build install --record /home/hisa/colcon_ws_controller/build/hello/install.log --single-version-externally-managed install_data
[0.542s] running egg_info
[0.542s] writing ../../build/hello/hello.egg-info/PKG-INFO
[0.542s] writing dependency_links to ../../build/hello/hello.egg-info/dependency_links.txt
[0.542s] writing entry points to ../../build/hello/hello.egg-info/entry_points.txt
[0.542s] writing requirements to ../../build/hello/hello.egg-info/requires.txt
[0.542s] writing top-level names to ../../build/hello/hello.egg-info/top_level.txt
[0.544s] reading manifest file '../../build/hello/hello.egg-info/SOURCES.txt'
[0.544s] writing manifest file '../../build/hello/hello.egg-info/SOURCES.txt'
[0.544s] running build
[0.544s] running build_py
[0.544s] copying hello/listener.py -> /home/hisa/colcon_ws_controller/build/hello/build/lib/hello
[0.545s] running install
[0.545s] running install_lib
[0.545s] copying /home/hisa/colcon_ws_controller/build/hello/build/lib/hello/listener.py -> /home/hisa/colcon_ws_controller/install/hello/lib/python3.10/site-packages/hello
[0.546s] byte-compiling /home/hisa/colcon_ws_controller/install/hello/lib/python3.10/site-packages/hello/listener.py to listener.cpython-310.pyc
[0.546s] running install_data
[0.546s] running install_egg_info
[0.548s] removing '/home/hisa/colcon_ws_controller/install/hello/lib/python3.10/site-packages/hello-0.0.0-py3.10.egg-info' (and everything under it)
[0.548s] Copying ../../build/hello/hello.egg-info to /home/hisa/colcon_ws_controller/install/hello/lib/python3.10/site-packages/hello-0.0.0-py3.10.egg-info
[0.548s] running install_scripts
[0.564s] Installing listener script to /home/hisa/colcon_ws_controller/install/hello/lib/hello
[0.564s] Installing talker script to /home/hisa/colcon_ws_controller/install/hello/lib/hello
[0.564s] writing list of installed files to '/home/hisa/colcon_ws_controller/build/hello/install.log'
[0.591s] Invoked command in '/home/hisa/colcon_ws_controller/src/hello' returned '0': PYTHONPATH=/home/hisa/colcon_ws_controller/build/hello/prefix_override:/home/hisa/colcon_ws_controller/install/hello/lib/python3.10/site-packages:${PYTHONPATH} /usr/bin/python3 -W ignore:setup.py install is deprecated setup.py egg_info --egg-base ../../build/hello build --build-base /home/hisa/colcon_ws_controller/build/hello/build install --record /home/hisa/colcon_ws_controller/build/hello/install.log --single-version-externally-managed install_data
