[0.356s] Invoking command in '/home/hisa/colcon_ws_controller/src/hello': PYTHONPATH=/home/hisa/colcon_ws_controller/build/hello/prefix_override:/home/hisa/colcon_ws_controller/install/hello/lib/python3.10/site-packages:${PYTHONPATH} /usr/bin/python3 -W ignore:setup.py install is deprecated setup.py egg_info --egg-base ../../build/hello build --build-base /home/hisa/colcon_ws_controller/build/hello/build install --record /home/hisa/colcon_ws_controller/build/hello/install.log --single-version-externally-managed install_data
[0.494s] running egg_info
[0.494s] writing ../../build/hello/hello.egg-info/PKG-INFO
[0.494s] writing dependency_links to ../../build/hello/hello.egg-info/dependency_links.txt
[0.494s] writing entry points to ../../build/hello/hello.egg-info/entry_points.txt
[0.494s] writing requirements to ../../build/hello/hello.egg-info/requires.txt
[0.494s] writing top-level names to ../../build/hello/hello.egg-info/top_level.txt
[0.495s] reading manifest file '../../build/hello/hello.egg-info/SOURCES.txt'
[0.496s] writing manifest file '../../build/hello/hello.egg-info/SOURCES.txt'
[0.496s] running build
[0.496s] running build_py
[0.496s] copying hello/listener.py -> /home/hisa/colcon_ws_controller/build/hello/build/lib/hello
[0.496s] running install
[0.496s] running install_lib
[0.497s] copying /home/hisa/colcon_ws_controller/build/hello/build/lib/hello/listener.py -> /home/hisa/colcon_ws_controller/install/hello/lib/python3.10/site-packages/hello
[0.497s] byte-compiling /home/hisa/colcon_ws_controller/install/hello/lib/python3.10/site-packages/hello/listener.py to listener.cpython-310.pyc
[0.497s] running install_data
[0.498s] running install_egg_info
[0.498s] removing '/home/hisa/colcon_ws_controller/install/hello/lib/python3.10/site-packages/hello-0.0.0-py3.10.egg-info' (and everything under it)
[0.499s] Copying ../../build/hello/hello.egg-info to /home/hisa/colcon_ws_controller/install/hello/lib/python3.10/site-packages/hello-0.0.0-py3.10.egg-info
[0.499s] running install_scripts
[0.514s] Installing listener script to /home/hisa/colcon_ws_controller/install/hello/lib/hello
[0.514s] Installing talker script to /home/hisa/colcon_ws_controller/install/hello/lib/hello
[0.514s] writing list of installed files to '/home/hisa/colcon_ws_controller/build/hello/install.log'
[0.531s] Invoked command in '/home/hisa/colcon_ws_controller/src/hello' returned '0': PYTHONPATH=/home/hisa/colcon_ws_controller/build/hello/prefix_override:/home/hisa/colcon_ws_controller/install/hello/lib/python3.10/site-packages:${PYTHONPATH} /usr/bin/python3 -W ignore:setup.py install is deprecated setup.py egg_info --egg-base ../../build/hello build --build-base /home/hisa/colcon_ws_controller/build/hello/build install --record /home/hisa/colcon_ws_controller/build/hello/install.log --single-version-externally-managed install_data
